{"/home/andrew_totmin/hexlet/frontend-project-46/src/index.js": {"path":"/home/andrew_totmin/hexlet/frontend-project-46/src/index.js","all":false,"statementMap":{"0":{"start":{"line":1,"column":0},"end":{"line":1,"column":24}},"1":{"start":{"line":2,"column":0},"end":{"line":2,"column":20}},"2":{"start":{"line":3,"column":0},"end":{"line":3,"column":31}},"3":{"start":{"line":4,"column":0},"end":{"line":4,"column":43}},"4":{"start":{"line":5,"column":0},"end":{"line":5,"column":46}},"5":{"start":{"line":6,"column":0},"end":{"line":6,"column":0}},"6":{"start":{"line":7,"column":0},"end":{"line":7,"column":72}},"7":{"start":{"line":8,"column":0},"end":{"line":8,"column":68}},"8":{"start":{"line":9,"column":0},"end":{"line":9,"column":99}},"9":{"start":{"line":10,"column":0},"end":{"line":10,"column":0}},"10":{"start":{"line":11,"column":0},"end":{"line":11,"column":63}},"11":{"start":{"line":12,"column":0},"end":{"line":12,"column":47}},"12":{"start":{"line":13,"column":0},"end":{"line":13,"column":47}},"13":{"start":{"line":14,"column":0},"end":{"line":14,"column":0}},"14":{"start":{"line":15,"column":0},"end":{"line":15,"column":43}},"15":{"start":{"line":16,"column":0},"end":{"line":16,"column":43}},"16":{"start":{"line":17,"column":0},"end":{"line":17,"column":0}},"17":{"start":{"line":18,"column":0},"end":{"line":18,"column":49}},"18":{"start":{"line":19,"column":0},"end":{"line":19,"column":33}},"19":{"start":{"line":20,"column":0},"end":{"line":20,"column":2}},"20":{"start":{"line":21,"column":0},"end":{"line":21,"column":0}},"21":{"start":{"line":22,"column":0},"end":{"line":22,"column":23}}},"s":{"0":1,"1":1,"2":1,"3":1,"4":1,"5":1,"6":1,"7":1,"8":1,"9":1,"10":1,"11":6,"12":6,"13":6,"14":6,"15":6,"16":6,"17":6,"18":6,"19":6,"20":1,"21":1},"branchMap":{"0":{"type":"branch","line":7,"loc":{"start":{"line":7,"column":21},"end":{"line":7,"column":71}},"locations":[{"start":{"line":7,"column":21},"end":{"line":7,"column":71}}]},"1":{"type":"branch","line":8,"loc":{"start":{"line":8,"column":23},"end":{"line":8,"column":67}},"locations":[{"start":{"line":8,"column":23},"end":{"line":8,"column":67}}]},"2":{"type":"branch","line":9,"loc":{"start":{"line":9,"column":17},"end":{"line":9,"column":98}},"locations":[{"start":{"line":9,"column":17},"end":{"line":9,"column":98}}]},"3":{"type":"branch","line":11,"loc":{"start":{"line":11,"column":16},"end":{"line":20,"column":2}},"locations":[{"start":{"line":11,"column":16},"end":{"line":20,"column":2}}]}},"b":{"0":[12],"1":[12],"2":[12],"3":[6]},"fnMap":{"0":{"name":"getFullPath","decl":{"start":{"line":7,"column":21},"end":{"line":7,"column":71}},"loc":{"start":{"line":7,"column":21},"end":{"line":7,"column":71}},"line":7},"1":{"name":"extractFormat","decl":{"start":{"line":8,"column":23},"end":{"line":8,"column":67}},"loc":{"start":{"line":8,"column":23},"end":{"line":8,"column":67}},"line":8},"2":{"name":"getData","decl":{"start":{"line":9,"column":17},"end":{"line":9,"column":98}},"loc":{"start":{"line":9,"column":17},"end":{"line":9,"column":98}},"line":9},"3":{"name":"genDiff","decl":{"start":{"line":11,"column":16},"end":{"line":20,"column":2}},"loc":{"start":{"line":11,"column":16},"end":{"line":20,"column":2}},"line":11}},"f":{"0":12,"1":12,"2":12,"3":6}}
,"/home/andrew_totmin/hexlet/frontend-project-46/src/parse.js": {"path":"/home/andrew_totmin/hexlet/frontend-project-46/src/parse.js","all":false,"statementMap":{"0":{"start":{"line":1,"column":0},"end":{"line":1,"column":27}},"1":{"start":{"line":2,"column":0},"end":{"line":2,"column":0}},"2":{"start":{"line":3,"column":0},"end":{"line":3,"column":16}},"3":{"start":{"line":4,"column":0},"end":{"line":4,"column":19}},"4":{"start":{"line":5,"column":0},"end":{"line":5,"column":18}},"5":{"start":{"line":6,"column":0},"end":{"line":6,"column":17}},"6":{"start":{"line":7,"column":0},"end":{"line":7,"column":2}},"7":{"start":{"line":8,"column":0},"end":{"line":8,"column":0}},"8":{"start":{"line":9,"column":0},"end":{"line":9,"column":54}}},"s":{"0":1,"1":1,"2":1,"3":1,"4":1,"5":1,"6":1,"7":1,"8":1},"branchMap":{"0":{"type":"branch","line":9,"loc":{"start":{"line":9,"column":15},"end":{"line":9,"column":53}},"locations":[{"start":{"line":9,"column":15},"end":{"line":9,"column":53}}]}},"b":{"0":[12]},"fnMap":{"0":{"name":"default","decl":{"start":{"line":9,"column":15},"end":{"line":9,"column":53}},"loc":{"start":{"line":9,"column":15},"end":{"line":9,"column":53}},"line":9}},"f":{"0":12}}
,"/home/andrew_totmin/hexlet/frontend-project-46/src/treeBuilder.js": {"path":"/home/andrew_totmin/hexlet/frontend-project-46/src/treeBuilder.js","all":false,"statementMap":{"0":{"start":{"line":1,"column":0},"end":{"line":1,"column":23}},"1":{"start":{"line":2,"column":0},"end":{"line":2,"column":0}},"2":{"start":{"line":3,"column":0},"end":{"line":3,"column":37}},"3":{"start":{"line":4,"column":0},"end":{"line":4,"column":71}},"4":{"start":{"line":5,"column":0},"end":{"line":5,"column":0}},"5":{"start":{"line":6,"column":0},"end":{"line":6,"column":36}},"6":{"start":{"line":7,"column":0},"end":{"line":7,"column":57}},"7":{"start":{"line":8,"column":0},"end":{"line":8,"column":79}},"8":{"start":{"line":9,"column":0},"end":{"line":9,"column":5}},"9":{"start":{"line":10,"column":0},"end":{"line":10,"column":48}},"10":{"start":{"line":11,"column":0},"end":{"line":11,"column":54}},"11":{"start":{"line":12,"column":0},"end":{"line":12,"column":5}},"12":{"start":{"line":13,"column":0},"end":{"line":13,"column":48}},"13":{"start":{"line":14,"column":0},"end":{"line":14,"column":56}},"14":{"start":{"line":15,"column":0},"end":{"line":15,"column":5}},"15":{"start":{"line":16,"column":0},"end":{"line":16,"column":34}},"16":{"start":{"line":17,"column":0},"end":{"line":17,"column":14}},"17":{"start":{"line":18,"column":0},"end":{"line":18,"column":76}},"18":{"start":{"line":19,"column":0},"end":{"line":19,"column":8}},"19":{"start":{"line":20,"column":0},"end":{"line":20,"column":5}},"20":{"start":{"line":21,"column":0},"end":{"line":21,"column":56}},"21":{"start":{"line":22,"column":0},"end":{"line":22,"column":5}},"22":{"start":{"line":23,"column":0},"end":{"line":23,"column":16}},"23":{"start":{"line":24,"column":0},"end":{"line":24,"column":2}},"24":{"start":{"line":25,"column":0},"end":{"line":25,"column":0}},"25":{"start":{"line":26,"column":0},"end":{"line":26,"column":27}}},"s":{"0":1,"1":1,"2":1,"3":30,"4":30,"5":30,"6":108,"7":24,"8":24,"9":108,"10":30,"11":30,"12":108,"13":12,"14":12,"15":108,"16":24,"17":24,"18":24,"19":24,"20":18,"21":30,"22":30,"23":30,"24":1,"25":1},"branchMap":{"0":{"type":"branch","line":3,"loc":{"start":{"line":3,"column":20},"end":{"line":24,"column":2}},"locations":[{"start":{"line":3,"column":20},"end":{"line":24,"column":2}}]},"1":{"type":"branch","line":6,"loc":{"start":{"line":6,"column":27},"end":{"line":22,"column":3}},"locations":[{"start":{"line":6,"column":27},"end":{"line":22,"column":3}}]},"2":{"type":"branch","line":7,"loc":{"start":{"line":7,"column":29},"end":{"line":7,"column":54}},"locations":[{"start":{"line":7,"column":29},"end":{"line":7,"column":54}}]},"3":{"type":"branch","line":7,"loc":{"start":{"line":7,"column":56},"end":{"line":9,"column":5}},"locations":[{"start":{"line":7,"column":56},"end":{"line":9,"column":5}}]},"4":{"type":"branch","line":9,"loc":{"start":{"line":9,"column":4},"end":{"line":10,"column":29}},"locations":[{"start":{"line":9,"column":4},"end":{"line":10,"column":29}}]},"5":{"type":"branch","line":10,"loc":{"start":{"line":10,"column":25},"end":{"line":10,"column":45}},"locations":[{"start":{"line":10,"column":25},"end":{"line":10,"column":45}}]},"6":{"type":"branch","line":10,"loc":{"start":{"line":10,"column":47},"end":{"line":12,"column":5}},"locations":[{"start":{"line":10,"column":47},"end":{"line":12,"column":5}}]},"7":{"type":"branch","line":12,"loc":{"start":{"line":12,"column":4},"end":{"line":13,"column":45}},"locations":[{"start":{"line":12,"column":4},"end":{"line":13,"column":45}}]},"8":{"type":"branch","line":13,"loc":{"start":{"line":13,"column":47},"end":{"line":15,"column":5}},"locations":[{"start":{"line":13,"column":47},"end":{"line":15,"column":5}}]},"9":{"type":"branch","line":15,"loc":{"start":{"line":15,"column":4},"end":{"line":16,"column":33}},"locations":[{"start":{"line":15,"column":4},"end":{"line":16,"column":33}}]},"10":{"type":"branch","line":16,"loc":{"start":{"line":16,"column":33},"end":{"line":20,"column":5}},"locations":[{"start":{"line":16,"column":33},"end":{"line":20,"column":5}}]},"11":{"type":"branch","line":20,"loc":{"start":{"line":20,"column":4},"end":{"line":22,"column":3}},"locations":[{"start":{"line":20,"column":4},"end":{"line":22,"column":3}}]}},"b":{"0":[30],"1":[108],"2":[36],"3":[24],"4":[84],"5":[30],"6":[30],"7":[54],"8":[12],"9":[42],"10":[24],"11":[18]},"fnMap":{"0":{"name":"treeBuilder","decl":{"start":{"line":3,"column":20},"end":{"line":24,"column":2}},"loc":{"start":{"line":3,"column":20},"end":{"line":24,"column":2}},"line":3}},"f":{"0":30}}
,"/home/andrew_totmin/hexlet/frontend-project-46/src/formatters/JSON.js": {"path":"/home/andrew_totmin/hexlet/frontend-project-46/src/formatters/JSON.js","all":false,"statementMap":{"0":{"start":{"line":1,"column":0},"end":{"line":1,"column":46}}},"s":{"0":1},"branchMap":{"0":{"type":"branch","line":1,"loc":{"start":{"line":1,"column":16},"end":{"line":1,"column":45}},"locations":[{"start":{"line":1,"column":16},"end":{"line":1,"column":45}}]}},"b":{"0":[2]},"fnMap":{"0":{"name":"default","decl":{"start":{"line":1,"column":16},"end":{"line":1,"column":45}},"loc":{"start":{"line":1,"column":16},"end":{"line":1,"column":45}},"line":1}},"f":{"0":2}}
,"/home/andrew_totmin/hexlet/frontend-project-46/src/formatters/index.js": {"path":"/home/andrew_totmin/hexlet/frontend-project-46/src/formatters/index.js","all":false,"statementMap":{"0":{"start":{"line":1,"column":0},"end":{"line":1,"column":31}},"1":{"start":{"line":2,"column":0},"end":{"line":2,"column":35}},"2":{"start":{"line":3,"column":0},"end":{"line":3,"column":29}},"3":{"start":{"line":4,"column":0},"end":{"line":4,"column":0}},"4":{"start":{"line":5,"column":0},"end":{"line":5,"column":20}},"5":{"start":{"line":6,"column":0},"end":{"line":6,"column":8}},"6":{"start":{"line":7,"column":0},"end":{"line":7,"column":10}},"7":{"start":{"line":8,"column":0},"end":{"line":8,"column":7}},"8":{"start":{"line":9,"column":0},"end":{"line":9,"column":2}},"9":{"start":{"line":10,"column":0},"end":{"line":10,"column":0}},"10":{"start":{"line":11,"column":0},"end":{"line":11,"column":59}},"11":{"start":{"line":12,"column":0},"end":{"line":12,"column":0}},"12":{"start":{"line":13,"column":0},"end":{"line":13,"column":25}}},"s":{"0":1,"1":1,"2":1,"3":1,"4":1,"5":1,"6":1,"7":1,"8":1,"9":1,"10":1,"11":1,"12":1},"branchMap":{"0":{"type":"branch","line":11,"loc":{"start":{"line":11,"column":18},"end":{"line":11,"column":58}},"locations":[{"start":{"line":11,"column":18},"end":{"line":11,"column":58}}]}},"b":{"0":[6]},"fnMap":{"0":{"name":"formatter","decl":{"start":{"line":11,"column":18},"end":{"line":11,"column":58}},"loc":{"start":{"line":11,"column":18},"end":{"line":11,"column":58}},"line":11}},"f":{"0":6}}
,"/home/andrew_totmin/hexlet/frontend-project-46/src/formatters/plain.js": {"path":"/home/andrew_totmin/hexlet/frontend-project-46/src/formatters/plain.js","all":false,"statementMap":{"0":{"start":{"line":1,"column":0},"end":{"line":1,"column":23}},"1":{"start":{"line":2,"column":0},"end":{"line":2,"column":0}},"2":{"start":{"line":3,"column":0},"end":{"line":3,"column":35}},"3":{"start":{"line":4,"column":0},"end":{"line":4,"column":26}},"4":{"start":{"line":5,"column":0},"end":{"line":5,"column":29}},"5":{"start":{"line":6,"column":0},"end":{"line":6,"column":3}},"6":{"start":{"line":7,"column":0},"end":{"line":7,"column":34}},"7":{"start":{"line":8,"column":0},"end":{"line":8,"column":24}},"8":{"start":{"line":9,"column":0},"end":{"line":9,"column":3}},"9":{"start":{"line":10,"column":0},"end":{"line":10,"column":15}},"10":{"start":{"line":11,"column":0},"end":{"line":11,"column":2}},"11":{"start":{"line":12,"column":0},"end":{"line":12,"column":0}},"12":{"start":{"line":13,"column":0},"end":{"line":13,"column":36}},"13":{"start":{"line":14,"column":0},"end":{"line":14,"column":80}},"14":{"start":{"line":15,"column":0},"end":{"line":15,"column":24}},"15":{"start":{"line":16,"column":0},"end":{"line":16,"column":20}},"16":{"start":{"line":17,"column":0},"end":{"line":17,"column":56}},"17":{"start":{"line":18,"column":0},"end":{"line":18,"column":19}},"18":{"start":{"line":19,"column":0},"end":{"line":19,"column":99}},"19":{"start":{"line":20,"column":0},"end":{"line":20,"column":21}},"20":{"start":{"line":21,"column":0},"end":{"line":21,"column":59}},"21":{"start":{"line":22,"column":0},"end":{"line":22,"column":23}},"22":{"start":{"line":23,"column":0},"end":{"line":23,"column":139}},"23":{"start":{"line":24,"column":0},"end":{"line":24,"column":7}},"24":{"start":{"line":25,"column":0},"end":{"line":25,"column":14}},"25":{"start":{"line":26,"column":0},"end":{"line":26,"column":66}},"26":{"start":{"line":27,"column":0},"end":{"line":27,"column":5}},"27":{"start":{"line":28,"column":0},"end":{"line":28,"column":5}},"28":{"start":{"line":29,"column":0},"end":{"line":29,"column":26}},"29":{"start":{"line":30,"column":0},"end":{"line":30,"column":2}},"30":{"start":{"line":31,"column":0},"end":{"line":31,"column":0}},"31":{"start":{"line":32,"column":0},"end":{"line":32,"column":21}}},"s":{"0":1,"1":1,"2":1,"3":26,"4":6,"5":6,"6":26,"7":14,"8":14,"9":6,"10":6,"11":1,"12":1,"13":10,"14":30,"15":30,"16":8,"17":30,"18":10,"19":30,"20":4,"21":30,"22":8,"23":8,"24":30,"25":0,"26":30,"27":10,"28":10,"29":10,"30":1,"31":1},"branchMap":{"0":{"type":"branch","line":3,"loc":{"start":{"line":3,"column":24},"end":{"line":11,"column":2}},"locations":[{"start":{"line":3,"column":24},"end":{"line":11,"column":2}}]},"1":{"type":"branch","line":4,"loc":{"start":{"line":4,"column":25},"end":{"line":6,"column":3}},"locations":[{"start":{"line":4,"column":25},"end":{"line":6,"column":3}}]},"2":{"type":"branch","line":6,"loc":{"start":{"line":6,"column":2},"end":{"line":7,"column":33}},"locations":[{"start":{"line":6,"column":2},"end":{"line":7,"column":33}}]},"3":{"type":"branch","line":7,"loc":{"start":{"line":7,"column":33},"end":{"line":9,"column":3}},"locations":[{"start":{"line":7,"column":33},"end":{"line":9,"column":3}}]},"4":{"type":"branch","line":9,"loc":{"start":{"line":9,"column":2},"end":{"line":11,"column":2}},"locations":[{"start":{"line":9,"column":2},"end":{"line":11,"column":2}}]},"5":{"type":"branch","line":13,"loc":{"start":{"line":13,"column":14},"end":{"line":30,"column":2}},"locations":[{"start":{"line":13,"column":14},"end":{"line":30,"column":2}}]},"6":{"type":"branch","line":14,"loc":{"start":{"line":14,"column":29},"end":{"line":14,"column":63}},"locations":[{"start":{"line":14,"column":29},"end":{"line":14,"column":63}}]},"7":{"type":"branch","line":14,"loc":{"start":{"line":14,"column":70},"end":{"line":28,"column":3}},"locations":[{"start":{"line":14,"column":70},"end":{"line":28,"column":3}}]},"8":{"type":"branch","line":16,"loc":{"start":{"line":16,"column":6},"end":{"line":17,"column":56}},"locations":[{"start":{"line":16,"column":6},"end":{"line":17,"column":56}}]},"9":{"type":"branch","line":18,"loc":{"start":{"line":18,"column":6},"end":{"line":19,"column":99}},"locations":[{"start":{"line":18,"column":6},"end":{"line":19,"column":99}}]},"10":{"type":"branch","line":20,"loc":{"start":{"line":20,"column":6},"end":{"line":21,"column":59}},"locations":[{"start":{"line":20,"column":6},"end":{"line":21,"column":59}}]},"11":{"type":"branch","line":22,"loc":{"start":{"line":22,"column":6},"end":{"line":24,"column":7}},"locations":[{"start":{"line":22,"column":6},"end":{"line":24,"column":7}}]},"12":{"type":"branch","line":25,"loc":{"start":{"line":25,"column":6},"end":{"line":26,"column":66}},"locations":[{"start":{"line":25,"column":6},"end":{"line":26,"column":66}}]}},"b":{"0":[26],"1":[6],"2":[20],"3":[14],"4":[6],"5":[10],"6":[36],"7":[30],"8":[8],"9":[10],"10":[4],"11":[8],"12":[0]},"fnMap":{"0":{"name":"getFormatValue","decl":{"start":{"line":3,"column":24},"end":{"line":11,"column":2}},"loc":{"start":{"line":3,"column":24},"end":{"line":11,"column":2}},"line":3},"1":{"name":"plain","decl":{"start":{"line":13,"column":14},"end":{"line":30,"column":2}},"loc":{"start":{"line":13,"column":14},"end":{"line":30,"column":2}},"line":13}},"f":{"0":26,"1":10}}
,"/home/andrew_totmin/hexlet/frontend-project-46/src/formatters/stylish.js": {"path":"/home/andrew_totmin/hexlet/frontend-project-46/src/formatters/stylish.js","all":false,"statementMap":{"0":{"start":{"line":1,"column":0},"end":{"line":1,"column":23}},"1":{"start":{"line":2,"column":0},"end":{"line":2,"column":0}},"2":{"start":{"line":3,"column":0},"end":{"line":3,"column":49}},"3":{"start":{"line":4,"column":0},"end":{"line":4,"column":33}},"4":{"start":{"line":5,"column":0},"end":{"line":5,"column":42}},"5":{"start":{"line":6,"column":0},"end":{"line":6,"column":28}},"6":{"start":{"line":7,"column":0},"end":{"line":7,"column":18}},"7":{"start":{"line":8,"column":0},"end":{"line":8,"column":5}},"8":{"start":{"line":9,"column":0},"end":{"line":9,"column":37}},"9":{"start":{"line":10,"column":0},"end":{"line":10,"column":100}},"10":{"start":{"line":11,"column":0},"end":{"line":11,"column":53}},"11":{"start":{"line":12,"column":0},"end":{"line":12,"column":4}},"12":{"start":{"line":13,"column":0},"end":{"line":13,"column":36}},"13":{"start":{"line":14,"column":0},"end":{"line":14,"column":2}},"14":{"start":{"line":15,"column":0},"end":{"line":15,"column":0}},"15":{"start":{"line":16,"column":0},"end":{"line":16,"column":27}},"16":{"start":{"line":17,"column":0},"end":{"line":17,"column":34}},"17":{"start":{"line":18,"column":0},"end":{"line":18,"column":26}},"18":{"start":{"line":19,"column":0},"end":{"line":19,"column":56}},"19":{"start":{"line":20,"column":0},"end":{"line":20,"column":39}},"20":{"start":{"line":21,"column":0},"end":{"line":21,"column":26}},"21":{"start":{"line":22,"column":0},"end":{"line":22,"column":22}},"22":{"start":{"line":23,"column":0},"end":{"line":23,"column":76}},"23":{"start":{"line":24,"column":0},"end":{"line":24,"column":23}},"24":{"start":{"line":25,"column":0},"end":{"line":25,"column":77}},"25":{"start":{"line":26,"column":0},"end":{"line":26,"column":21}},"26":{"start":{"line":27,"column":0},"end":{"line":27,"column":77}},"27":{"start":{"line":28,"column":0},"end":{"line":28,"column":25}},"28":{"start":{"line":29,"column":0},"end":{"line":29,"column":77}},"29":{"start":{"line":30,"column":0},"end":{"line":30,"column":23}},"30":{"start":{"line":31,"column":0},"end":{"line":31,"column":147}},"31":{"start":{"line":32,"column":0},"end":{"line":32,"column":16}},"32":{"start":{"line":33,"column":0},"end":{"line":33,"column":59}},"33":{"start":{"line":34,"column":0},"end":{"line":34,"column":7}},"34":{"start":{"line":35,"column":0},"end":{"line":35,"column":7}},"35":{"start":{"line":36,"column":0},"end":{"line":36,"column":52}},"36":{"start":{"line":37,"column":0},"end":{"line":37,"column":4}},"37":{"start":{"line":38,"column":0},"end":{"line":38,"column":23}},"38":{"start":{"line":39,"column":0},"end":{"line":39,"column":2}},"39":{"start":{"line":40,"column":0},"end":{"line":40,"column":0}},"40":{"start":{"line":41,"column":0},"end":{"line":41,"column":23}}},"s":{"0":1,"1":1,"2":1,"3":54,"4":54,"5":54,"6":40,"7":40,"8":14,"9":14,"10":14,"11":54,"12":54,"13":54,"14":1,"15":1,"16":2,"17":10,"18":10,"19":10,"20":36,"21":36,"22":8,"23":36,"24":4,"25":36,"26":10,"27":36,"28":6,"29":36,"30":8,"31":36,"32":0,"33":36,"34":10,"35":10,"36":2,"37":2,"38":2,"39":1,"40":1},"branchMap":{"0":{"type":"branch","line":3,"loc":{"start":{"line":3,"column":18},"end":{"line":14,"column":2}},"locations":[{"start":{"line":3,"column":18},"end":{"line":14,"column":2}}]},"1":{"type":"branch","line":4,"loc":{"start":{"line":4,"column":15},"end":{"line":12,"column":3}},"locations":[{"start":{"line":4,"column":15},"end":{"line":12,"column":3}}]},"2":{"type":"branch","line":6,"loc":{"start":{"line":6,"column":27},"end":{"line":8,"column":5}},"locations":[{"start":{"line":6,"column":27},"end":{"line":8,"column":5}}]},"3":{"type":"branch","line":8,"loc":{"start":{"line":8,"column":4},"end":{"line":12,"column":3}},"locations":[{"start":{"line":8,"column":4},"end":{"line":12,"column":3}}]},"4":{"type":"branch","line":10,"loc":{"start":{"line":10,"column":27},"end":{"line":10,"column":98}},"locations":[{"start":{"line":10,"column":27},"end":{"line":10,"column":98}}]},"5":{"type":"branch","line":16,"loc":{"start":{"line":16,"column":17},"end":{"line":39,"column":2}},"locations":[{"start":{"line":16,"column":17},"end":{"line":39,"column":2}}]},"6":{"type":"branch","line":17,"loc":{"start":{"line":17,"column":15},"end":{"line":37,"column":3}},"locations":[{"start":{"line":17,"column":15},"end":{"line":37,"column":3}}]},"7":{"type":"branch","line":20,"loc":{"start":{"line":20,"column":29},"end":{"line":35,"column":5}},"locations":[{"start":{"line":20,"column":29},"end":{"line":35,"column":5}}]},"8":{"type":"branch","line":22,"loc":{"start":{"line":22,"column":8},"end":{"line":23,"column":76}},"locations":[{"start":{"line":22,"column":8},"end":{"line":23,"column":76}}]},"9":{"type":"branch","line":24,"loc":{"start":{"line":24,"column":8},"end":{"line":25,"column":77}},"locations":[{"start":{"line":24,"column":8},"end":{"line":25,"column":77}}]},"10":{"type":"branch","line":26,"loc":{"start":{"line":26,"column":8},"end":{"line":27,"column":77}},"locations":[{"start":{"line":26,"column":8},"end":{"line":27,"column":77}}]},"11":{"type":"branch","line":28,"loc":{"start":{"line":28,"column":8},"end":{"line":29,"column":77}},"locations":[{"start":{"line":28,"column":8},"end":{"line":29,"column":77}}]},"12":{"type":"branch","line":30,"loc":{"start":{"line":30,"column":8},"end":{"line":31,"column":147}},"locations":[{"start":{"line":30,"column":8},"end":{"line":31,"column":147}}]},"13":{"type":"branch","line":32,"loc":{"start":{"line":32,"column":8},"end":{"line":33,"column":59}},"locations":[{"start":{"line":32,"column":8},"end":{"line":33,"column":59}}]}},"b":{"0":[54],"1":[54],"2":[40],"3":[14],"4":[18],"5":[2],"6":[10],"7":[36],"8":[8],"9":[4],"10":[10],"11":[6],"12":[8],"13":[0]},"fnMap":{"0":{"name":"stringify","decl":{"start":{"line":3,"column":18},"end":{"line":14,"column":2}},"loc":{"start":{"line":3,"column":18},"end":{"line":14,"column":2}},"line":3},"1":{"name":"iter","decl":{"start":{"line":4,"column":15},"end":{"line":12,"column":3}},"loc":{"start":{"line":4,"column":15},"end":{"line":12,"column":3}},"line":4},"2":{"name":"stylish","decl":{"start":{"line":16,"column":17},"end":{"line":39,"column":2}},"loc":{"start":{"line":16,"column":17},"end":{"line":39,"column":2}},"line":16},"3":{"name":"iter","decl":{"start":{"line":17,"column":15},"end":{"line":37,"column":3}},"loc":{"start":{"line":17,"column":15},"end":{"line":37,"column":3}},"line":17}},"f":{"0":54,"1":54,"2":2,"3":10}}
}
