TN:
SF:src/index.js
FN:7,getFullPath
FN:8,extractFormat
FN:9,getData
FN:11,genDiff
FNF:4
FNH:4
FNDA:12,getFullPath
FNDA:12,extractFormat
FNDA:12,getData
FNDA:6,genDiff
DA:1,1
DA:2,1
DA:3,1
DA:4,1
DA:5,1
DA:6,1
DA:7,1
DA:8,1
DA:9,1
DA:10,1
DA:11,1
DA:12,6
DA:13,6
DA:14,6
DA:15,6
DA:16,6
DA:17,6
DA:18,6
DA:19,6
DA:20,6
DA:21,1
DA:22,1
LF:22
LH:22
BRDA:7,0,0,12
BRDA:8,1,0,12
BRDA:9,2,0,12
BRDA:11,3,0,6
BRF:4
BRH:4
end_of_record
TN:
SF:src/parse.js
FN:9,default
FNF:1
FNH:1
FNDA:12,default
DA:1,1
DA:2,1
DA:3,1
DA:4,1
DA:5,1
DA:6,1
DA:7,1
DA:8,1
DA:9,1
LF:9
LH:9
BRDA:9,0,0,12
BRF:1
BRH:1
end_of_record
TN:
SF:src/treeBuilder.js
FN:3,treeBuilder
FNF:1
FNH:1
FNDA:30,treeBuilder
DA:1,1
DA:2,1
DA:3,1
DA:4,30
DA:5,30
DA:6,30
DA:7,108
DA:8,24
DA:9,24
DA:10,108
DA:11,30
DA:12,30
DA:13,108
DA:14,12
DA:15,12
DA:16,108
DA:17,24
DA:18,24
DA:19,24
DA:20,24
DA:21,18
DA:22,30
DA:23,30
DA:24,30
DA:25,1
DA:26,1
LF:26
LH:26
BRDA:3,0,0,30
BRDA:6,1,0,108
BRDA:7,2,0,36
BRDA:7,3,0,24
BRDA:9,4,0,84
BRDA:10,5,0,30
BRDA:10,6,0,30
BRDA:12,7,0,54
BRDA:13,8,0,12
BRDA:15,9,0,42
BRDA:16,10,0,24
BRDA:20,11,0,18
BRF:12
BRH:12
end_of_record
TN:
SF:src/formatters/JSON.js
FN:1,default
FNF:1
FNH:1
FNDA:2,default
DA:1,1
LF:1
LH:1
BRDA:1,0,0,2
BRF:1
BRH:1
end_of_record
TN:
SF:src/formatters/index.js
FN:11,formatter
FNF:1
FNH:1
FNDA:6,formatter
DA:1,1
DA:2,1
DA:3,1
DA:4,1
DA:5,1
DA:6,1
DA:7,1
DA:8,1
DA:9,1
DA:10,1
DA:11,1
DA:12,1
DA:13,1
LF:13
LH:13
BRDA:11,0,0,6
BRF:1
BRH:1
end_of_record
TN:
SF:src/formatters/plain.js
FN:3,getFormatValue
FN:13,plain
FNF:2
FNH:2
FNDA:26,getFormatValue
FNDA:10,plain
DA:1,1
DA:2,1
DA:3,1
DA:4,26
DA:5,6
DA:6,6
DA:7,26
DA:8,14
DA:9,14
DA:10,6
DA:11,6
DA:12,1
DA:13,1
DA:14,10
DA:15,30
DA:16,30
DA:17,8
DA:18,30
DA:19,10
DA:20,30
DA:21,4
DA:22,30
DA:23,8
DA:24,8
DA:25,30
DA:26,0
DA:27,30
DA:28,10
DA:29,10
DA:30,10
DA:31,1
DA:32,1
LF:32
LH:31
BRDA:3,0,0,26
BRDA:4,1,0,6
BRDA:6,2,0,20
BRDA:7,3,0,14
BRDA:9,4,0,6
BRDA:13,5,0,10
BRDA:14,6,0,36
BRDA:14,7,0,30
BRDA:16,8,0,8
BRDA:18,9,0,10
BRDA:20,10,0,4
BRDA:22,11,0,8
BRDA:25,12,0,0
BRF:13
BRH:12
end_of_record
TN:
SF:src/formatters/stylish.js
FN:3,stringify
FN:4,iter
FN:16,stylish
FN:17,iter
FNF:4
FNH:4
FNDA:54,stringify
FNDA:54,iter
FNDA:2,stylish
FNDA:10,iter
DA:1,1
DA:2,1
DA:3,1
DA:4,54
DA:5,54
DA:6,54
DA:7,40
DA:8,40
DA:9,14
DA:10,14
DA:11,14
DA:12,54
DA:13,54
DA:14,54
DA:15,1
DA:16,1
DA:17,2
DA:18,10
DA:19,10
DA:20,10
DA:21,36
DA:22,36
DA:23,8
DA:24,36
DA:25,4
DA:26,36
DA:27,10
DA:28,36
DA:29,6
DA:30,36
DA:31,8
DA:32,36
DA:33,0
DA:34,36
DA:35,10
DA:36,10
DA:37,2
DA:38,2
DA:39,2
DA:40,1
DA:41,1
LF:41
LH:40
BRDA:3,0,0,54
BRDA:4,1,0,54
BRDA:6,2,0,40
BRDA:8,3,0,14
BRDA:10,4,0,18
BRDA:16,5,0,2
BRDA:17,6,0,10
BRDA:20,7,0,36
BRDA:22,8,0,8
BRDA:24,9,0,4
BRDA:26,10,0,10
BRDA:28,11,0,6
BRDA:30,12,0,8
BRDA:32,13,0,0
BRF:14
BRH:13
end_of_record
